[0.006s] Invoking command in '/home/diego/dev_ws/build/my_bot': CMAKE_PREFIX_PATH=/opt/ros/humble /usr/bin/cmake /home/diego/dev_ws/src/my_bot -DCMAKE_INSTALL_PREFIX=/home/diego/dev_ws/install/my_bot
[0.151s] -- The C compiler identification is GNU 11.4.0
[0.238s] -- The CXX compiler identification is GNU 11.4.0
[0.246s] -- Detecting C compiler ABI info
[0.324s] -- Detecting C compiler ABI info - done
[0.330s] -- Check for working C compiler: /usr/bin/cc - skipped
[0.330s] -- Detecting C compile features
[0.330s] -- Detecting C compile features - done
[0.332s] -- Detecting CXX compiler ABI info
[0.411s] -- Detecting CXX compiler ABI info - done
[0.417s] -- Check for working CXX compiler: /usr/bin/c++ - skipped
[0.417s] -- Detecting CXX compile features
[0.417s] -- Detecting CXX compile features - done
[0.419s] -- Found ament_cmake: 1.3.10 (/opt/ros/humble/share/ament_cmake/cmake)
[0.536s] -- Found Python3: /usr/bin/python3 (found version "3.10.12") found components: Interpreter 
[0.633s] -- Found ament_lint_auto: 0.12.11 (/opt/ros/humble/share/ament_lint_auto/cmake)
[0.696s] -- Added test 'lint_cmake' to check CMake code style
[0.696s] -- Added test 'xmllint' to check XML markup files
[0.697s] -- Configuring done
[0.699s] -- Generating done
[0.700s] -- Build files have been written to: /home/diego/dev_ws/build/my_bot
[0.703s] Invoked command in '/home/diego/dev_ws/build/my_bot' returned '0': CMAKE_PREFIX_PATH=/opt/ros/humble /usr/bin/cmake /home/diego/dev_ws/src/my_bot -DCMAKE_INSTALL_PREFIX=/home/diego/dev_ws/install/my_bot
[0.704s] Invoking command in '/home/diego/dev_ws/build/my_bot': CMAKE_PREFIX_PATH=/opt/ros/humble /usr/bin/cmake --build /home/diego/dev_ws/build/my_bot -- -j20 -l20
[0.741s] Invoked command in '/home/diego/dev_ws/build/my_bot' returned '0': CMAKE_PREFIX_PATH=/opt/ros/humble /usr/bin/cmake --build /home/diego/dev_ws/build/my_bot -- -j20 -l20
[0.774s] Invoking command in '/home/diego/dev_ws/build/my_bot': CMAKE_PREFIX_PATH=/opt/ros/humble /usr/bin/cmake --install /home/diego/dev_ws/build/my_bot
[0.782s] -- Install configuration: ""
[0.782s] [31mCMake Error at cmake_install.cmake:46 (file):
[0.782s]   file INSTALL cannot find "/home/diego/dev_ws/src/my_bot/launch": No such
[0.782s]   file or directory.
[0.782s] 
[0.782s] [0m
[0.784s] Invoked command in '/home/diego/dev_ws/build/my_bot' returned '1': CMAKE_PREFIX_PATH=/opt/ros/humble /usr/bin/cmake --install /home/diego/dev_ws/build/my_bot
