[0.010s] Invoking command in '/home/diego/dev_ws/build/my_bot': CMAKE_PREFIX_PATH=/opt/ros/humble /usr/bin/cmake /home/diego/dev_ws/src/my_bot -DCMAKE_INSTALL_PREFIX=/home/diego/dev_ws/install/my_bot
[0.052s] -- Found ament_cmake: 1.3.10 (/opt/ros/humble/share/ament_cmake/cmake)
[0.156s] -- Override CMake install command with custom implementation using symlinks instead of copying resources
[0.174s] -- Found ament_lint_auto: 0.12.11 (/opt/ros/humble/share/ament_lint_auto/cmake)
[0.232s] -- Added test 'flake8' to check Python code syntax and style conventions
[0.233s] -- Added test 'lint_cmake' to check CMake code style
[0.233s] -- Added test 'pep257' to check Python code against some of the docstring style conventions in PEP 257
[0.234s] -- Added test 'xmllint' to check XML markup files
[0.236s] -- Configuring done
[0.258s] -- Generating done
[0.259s] -- Build files have been written to: /home/diego/dev_ws/build/my_bot
[0.265s] Invoked command in '/home/diego/dev_ws/build/my_bot' returned '0': CMAKE_PREFIX_PATH=/opt/ros/humble /usr/bin/cmake /home/diego/dev_ws/src/my_bot -DCMAKE_INSTALL_PREFIX=/home/diego/dev_ws/install/my_bot
[0.266s] Invoking command in '/home/diego/dev_ws/build/my_bot': CMAKE_PREFIX_PATH=/opt/ros/humble /usr/bin/cmake --build /home/diego/dev_ws/build/my_bot -- -j20 -l20
[0.303s] Invoked command in '/home/diego/dev_ws/build/my_bot' returned '0': CMAKE_PREFIX_PATH=/opt/ros/humble /usr/bin/cmake --build /home/diego/dev_ws/build/my_bot -- -j20 -l20
[0.333s] Invoking command in '/home/diego/dev_ws/build/my_bot': CMAKE_PREFIX_PATH=/opt/ros/humble /usr/bin/cmake --install /home/diego/dev_ws/build/my_bot
[0.340s] -- Install configuration: ""
[0.341s] -- Execute custom install script
[0.341s] -- Symlinking: /home/diego/dev_ws/install/my_bot/share/my_bot/launch/__pycache__/launch_sim.launch.cpython-310.pyc
[0.347s] -- Symlinking: /home/diego/dev_ws/install/my_bot/share/my_bot/launch/__pycache__/rsp.launch.cpython-310.pyc
[0.355s] -- Up-to-date symlink: /home/diego/dev_ws/install/my_bot/share/my_bot/launch/joystick.launch.py
[0.355s] -- Up-to-date symlink: /home/diego/dev_ws/install/my_bot/share/my_bot/launch/launch_robot.launch.py
[0.355s] -- Up-to-date symlink: /home/diego/dev_ws/install/my_bot/share/my_bot/launch/launch_sim.launch.py
[0.355s] -- Up-to-date symlink: /home/diego/dev_ws/install/my_bot/share/my_bot/launch/rsp.launch.py
[0.355s] -- Up-to-date symlink: /home/diego/dev_ws/install/my_bot/share/ament_index/resource_index/package_run_dependencies/my_bot
[0.355s] -- Up-to-date symlink: /home/diego/dev_ws/install/my_bot/share/ament_index/resource_index/parent_prefix_path/my_bot
[0.355s] -- Up-to-date symlink: /home/diego/dev_ws/install/my_bot/share/my_bot/environment/ament_prefix_path.sh
[0.355s] -- Up-to-date symlink: /home/diego/dev_ws/install/my_bot/share/my_bot/environment/ament_prefix_path.dsv
[0.355s] -- Up-to-date symlink: /home/diego/dev_ws/install/my_bot/share/my_bot/environment/path.sh
[0.355s] -- Up-to-date symlink: /home/diego/dev_ws/install/my_bot/share/my_bot/environment/path.dsv
[0.355s] -- Up-to-date symlink: /home/diego/dev_ws/install/my_bot/share/my_bot/local_setup.bash
[0.355s] -- Up-to-date symlink: /home/diego/dev_ws/install/my_bot/share/my_bot/local_setup.sh
[0.355s] -- Up-to-date symlink: /home/diego/dev_ws/install/my_bot/share/my_bot/local_setup.zsh
[0.355s] -- Up-to-date symlink: /home/diego/dev_ws/install/my_bot/share/my_bot/local_setup.dsv
[0.355s] -- Symlinking: /home/diego/dev_ws/install/my_bot/share/my_bot/package.dsv
[0.362s] -- Up-to-date symlink: /home/diego/dev_ws/install/my_bot/share/ament_index/resource_index/packages/my_bot
[0.362s] -- Up-to-date symlink: /home/diego/dev_ws/install/my_bot/share/my_bot/cmake/my_botConfig.cmake
[0.362s] -- Up-to-date symlink: /home/diego/dev_ws/install/my_bot/share/my_bot/cmake/my_botConfig-version.cmake
[0.362s] -- Up-to-date symlink: /home/diego/dev_ws/install/my_bot/share/my_bot/package.xml
[0.364s] Invoked command in '/home/diego/dev_ws/build/my_bot' returned '0': CMAKE_PREFIX_PATH=/opt/ros/humble /usr/bin/cmake --install /home/diego/dev_ws/build/my_bot
