[0.016s] Invoking command in '/home/diego/dev_ws/build/my_bot': CMAKE_PREFIX_PATH=${CMAKE_PREFIX_PATH}:/opt/ros/humble /usr/bin/cmake --build /home/diego/dev_ws/build/my_bot -- -j20 -l20
[0.239s] Invoked command in '/home/diego/dev_ws/build/my_bot' returned '0': CMAKE_PREFIX_PATH=${CMAKE_PREFIX_PATH}:/opt/ros/humble /usr/bin/cmake --build /home/diego/dev_ws/build/my_bot -- -j20 -l20
[0.268s] Invoking command in '/home/diego/dev_ws/build/my_bot': CMAKE_PREFIX_PATH=${CMAKE_PREFIX_PATH}:/opt/ros/humble /usr/bin/cmake --install /home/diego/dev_ws/build/my_bot
[0.280s] -- Install configuration: ""
[0.283s] -- Execute custom install script
[0.293s] -- Symlinking: /home/diego/dev_ws/install/my_bot/share/my_bot/launch/__pycache__/launch_sim.launch.cpython-310.pyc
[0.305s] -- Symlinking: /home/diego/dev_ws/install/my_bot/share/my_bot/launch/__pycache__/rsp.launch.cpython-310.pyc
[0.314s] -- Up-to-date symlink: /home/diego/dev_ws/install/my_bot/share/my_bot/launch/launch_sim.launch.py
[0.314s] -- Up-to-date symlink: /home/diego/dev_ws/install/my_bot/share/my_bot/launch/rsp.launch.py
[0.314s] -- Up-to-date symlink: /home/diego/dev_ws/install/my_bot/share/ament_index/resource_index/package_run_dependencies/my_bot
[0.315s] -- Up-to-date symlink: /home/diego/dev_ws/install/my_bot/share/ament_index/resource_index/parent_prefix_path/my_bot
[0.315s] -- Up-to-date symlink: /home/diego/dev_ws/install/my_bot/share/my_bot/environment/ament_prefix_path.sh
[0.315s] -- Up-to-date symlink: /home/diego/dev_ws/install/my_bot/share/my_bot/environment/ament_prefix_path.dsv
[0.315s] -- Up-to-date symlink: /home/diego/dev_ws/install/my_bot/share/my_bot/environment/path.sh
[0.315s] -- Up-to-date symlink: /home/diego/dev_ws/install/my_bot/share/my_bot/environment/path.dsv
[0.315s] -- Up-to-date symlink: /home/diego/dev_ws/install/my_bot/share/my_bot/local_setup.bash
[0.315s] -- Up-to-date symlink: /home/diego/dev_ws/install/my_bot/share/my_bot/local_setup.sh
[0.315s] -- Up-to-date symlink: /home/diego/dev_ws/install/my_bot/share/my_bot/local_setup.zsh
[0.315s] -- Up-to-date symlink: /home/diego/dev_ws/install/my_bot/share/my_bot/local_setup.dsv
[0.315s] -- Symlinking: /home/diego/dev_ws/install/my_bot/share/my_bot/package.dsv
[0.325s] -- Up-to-date symlink: /home/diego/dev_ws/install/my_bot/share/ament_index/resource_index/packages/my_bot
[0.325s] -- Up-to-date symlink: /home/diego/dev_ws/install/my_bot/share/my_bot/cmake/my_botConfig.cmake
[0.326s] -- Up-to-date symlink: /home/diego/dev_ws/install/my_bot/share/my_bot/cmake/my_botConfig-version.cmake
[0.326s] -- Up-to-date symlink: /home/diego/dev_ws/install/my_bot/share/my_bot/package.xml
[0.328s] Invoked command in '/home/diego/dev_ws/build/my_bot' returned '0': CMAKE_PREFIX_PATH=${CMAKE_PREFIX_PATH}:/opt/ros/humble /usr/bin/cmake --install /home/diego/dev_ws/build/my_bot
