[0.006s] Invoking command in '/home/diego/dev_ws/build/mybot': CMAKE_PREFIX_PATH=${CMAKE_PREFIX_PATH}:/opt/ros/humble /usr/bin/cmake /home/diego/dev_ws/src/my_bot -DCMAKE_INSTALL_PREFIX=/home/diego/dev_ws/install/mybot
[0.048s] -- The C compiler identification is GNU 11.4.0
[0.102s] -- The CXX compiler identification is GNU 11.4.0
[0.107s] -- Detecting C compiler ABI info
[0.169s] -- Detecting C compiler ABI info - done
[0.176s] -- Check for working C compiler: /usr/bin/cc - skipped
[0.176s] -- Detecting C compile features
[0.176s] -- Detecting C compile features - done
[0.178s] -- Detecting CXX compiler ABI info
[0.251s] -- Detecting CXX compiler ABI info - done
[0.258s] -- Check for working CXX compiler: /usr/bin/c++ - skipped
[0.258s] -- Detecting CXX compile features
[0.258s] -- Detecting CXX compile features - done
[0.260s] -- Found ament_cmake: 1.3.10 (/opt/ros/humble/share/ament_cmake/cmake)
[0.363s] -- Found Python3: /usr/bin/python3 (found version "3.10.12") found components: Interpreter 
[0.407s] -- Found ament_lint_auto: 0.12.11 (/opt/ros/humble/share/ament_lint_auto/cmake)
[0.449s] [31mCMake Error at /opt/ros/humble/share/ament_cmake_core/cmake/core/ament_package_xml.cmake:53 (message):
[0.449s]   ament_package_xml() package name 'mybot' in '/package.xml' does not match
[0.449s]   current PROJECT_NAME 'my_bot'.  You must call project() with the same
[0.449s]   package name before.
[0.449s] Call Stack (most recent call first):
[0.449s]   /opt/ros/humble/share/ament_lint_auto/cmake/ament_lint_auto_find_test_dependencies.cmake:31 (ament_package_xml)
[0.449s]   CMakeLists.txt:23 (ament_lint_auto_find_test_dependencies)
[0.449s] 
[0.449s] [0m
[0.449s] -- Configuring incomplete, errors occurred!
[0.449s] See also "/home/diego/dev_ws/build/mybot/CMakeFiles/CMakeOutput.log".
[0.453s] Invoked command in '/home/diego/dev_ws/build/mybot' returned '1': CMAKE_PREFIX_PATH=${CMAKE_PREFIX_PATH}:/opt/ros/humble /usr/bin/cmake /home/diego/dev_ws/src/my_bot -DCMAKE_INSTALL_PREFIX=/home/diego/dev_ws/install/mybot
