[0.006s] Invoking command in '/home/diego/dev_ws/build/my_bot': CMAKE_PREFIX_PATH=/opt/ros/humble /usr/bin/cmake /home/diego/dev_ws/src/my_bot -DAMENT_CMAKE_SYMLINK_INSTALL=1 -DCMAKE_INSTALL_PREFIX=/home/diego/dev_ws/install/my_bot
[0.015s] -- Found ament_cmake: 1.3.10 (/opt/ros/humble/share/ament_cmake/cmake)
[0.093s] -- Override CMake install command with custom implementation using symlinks instead of copying resources
[0.097s] -- Found ament_lint_auto: 0.12.11 (/opt/ros/humble/share/ament_lint_auto/cmake)
[0.135s] -- Added test 'flake8' to check Python code syntax and style conventions
[0.135s] -- Added test 'lint_cmake' to check CMake code style
[0.135s] -- Added test 'pep257' to check Python code against some of the docstring style conventions in PEP 257
[0.135s] -- Added test 'xmllint' to check XML markup files
[0.136s] -- Configuring done
[0.137s] -- Generating done
[0.137s] -- Build files have been written to: /home/diego/dev_ws/build/my_bot
[0.140s] Invoked command in '/home/diego/dev_ws/build/my_bot' returned '0': CMAKE_PREFIX_PATH=/opt/ros/humble /usr/bin/cmake /home/diego/dev_ws/src/my_bot -DAMENT_CMAKE_SYMLINK_INSTALL=1 -DCMAKE_INSTALL_PREFIX=/home/diego/dev_ws/install/my_bot
[0.140s] Invoking command in '/home/diego/dev_ws/build/my_bot': CMAKE_PREFIX_PATH=/opt/ros/humble /usr/bin/cmake --build /home/diego/dev_ws/build/my_bot -- -j20 -l20
[0.167s] Invoked command in '/home/diego/dev_ws/build/my_bot' returned '0': CMAKE_PREFIX_PATH=/opt/ros/humble /usr/bin/cmake --build /home/diego/dev_ws/build/my_bot -- -j20 -l20
[0.196s] Invoking command in '/home/diego/dev_ws/build/my_bot': CMAKE_PREFIX_PATH=/opt/ros/humble /usr/bin/cmake --install /home/diego/dev_ws/build/my_bot
[0.203s] -- Install configuration: ""
[0.204s] -- Execute custom install script
[0.204s] -- Symlinking: /home/diego/dev_ws/install/my_bot/share/my_bot/launch/__pycache__/launch_sim.launch.cpython-310.pyc
[0.213s] -- Symlinking: /home/diego/dev_ws/install/my_bot/share/my_bot/launch/__pycache__/rsp.launch.cpython-310.pyc
[0.221s] -- Symlinking: /home/diego/dev_ws/install/my_bot/share/my_bot/launch/launch_sim.launch.py
[0.229s] -- Symlinking: /home/diego/dev_ws/install/my_bot/share/my_bot/launch/rsp.launch.py
[0.235s] -- Symlinking: /home/diego/dev_ws/install/my_bot/share/ament_index/resource_index/package_run_dependencies/my_bot
[0.241s] -- Symlinking: /home/diego/dev_ws/install/my_bot/share/ament_index/resource_index/parent_prefix_path/my_bot
[0.249s] -- Symlinking: /home/diego/dev_ws/install/my_bot/share/my_bot/environment/ament_prefix_path.sh
[0.256s] -- Symlinking: /home/diego/dev_ws/install/my_bot/share/my_bot/environment/ament_prefix_path.dsv
[0.264s] -- Symlinking: /home/diego/dev_ws/install/my_bot/share/my_bot/environment/path.sh
[0.274s] -- Symlinking: /home/diego/dev_ws/install/my_bot/share/my_bot/environment/path.dsv
[0.282s] -- Symlinking: /home/diego/dev_ws/install/my_bot/share/my_bot/local_setup.bash
[0.289s] -- Symlinking: /home/diego/dev_ws/install/my_bot/share/my_bot/local_setup.sh
[0.297s] -- Symlinking: /home/diego/dev_ws/install/my_bot/share/my_bot/local_setup.zsh
[0.304s] -- Symlinking: /home/diego/dev_ws/install/my_bot/share/my_bot/local_setup.dsv
[0.311s] -- Symlinking: /home/diego/dev_ws/install/my_bot/share/my_bot/package.dsv
[0.319s] -- Symlinking: /home/diego/dev_ws/install/my_bot/share/ament_index/resource_index/packages/my_bot
[0.328s] -- Symlinking: /home/diego/dev_ws/install/my_bot/share/my_bot/cmake/my_botConfig.cmake
[0.337s] -- Symlinking: /home/diego/dev_ws/install/my_bot/share/my_bot/cmake/my_botConfig-version.cmake
[0.345s] -- Symlinking: /home/diego/dev_ws/install/my_bot/share/my_bot/package.xml
[0.355s] Invoked command in '/home/diego/dev_ws/build/my_bot' returned '0': CMAKE_PREFIX_PATH=/opt/ros/humble /usr/bin/cmake --install /home/diego/dev_ws/build/my_bot
